running develop
running egg_info
creating py_listener.egg-info
writing py_listener.egg-info/PKG-INFO
writing dependency_links to py_listener.egg-info/dependency_links.txt
writing entry points to py_listener.egg-info/entry_points.txt
writing requirements to py_listener.egg-info/requires.txt
writing top-level names to py_listener.egg-info/top_level.txt
writing manifest file 'py_listener.egg-info/SOURCES.txt'
reading manifest file 'py_listener.egg-info/SOURCES.txt'
writing manifest file 'py_listener.egg-info/SOURCES.txt'
running build_ext
Creating /home/bilbo/ros2_ws/src/py_listener/install/py_listener/lib/python3.10/site-packages/py-listener.egg-link (link to .)

Installed /home/bilbo/ros2_ws/src/py_listener/build/py_listener
running symlink_data
creating /home/bilbo/ros2_ws/src/py_listener/install/py_listener/share/ament_index
creating /home/bilbo/ros2_ws/src/py_listener/install/py_listener/share/ament_index/resource_index
creating /home/bilbo/ros2_ws/src/py_listener/install/py_listener/share/ament_index/resource_index/packages
symbolically linking /home/bilbo/ros2_ws/src/py_listener/build/py_listener/resource/py_listener -> /home/bilbo/ros2_ws/src/py_listener/install/py_listener/share/ament_index/resource_index/packages
symbolically linking /home/bilbo/ros2_ws/src/py_listener/build/py_listener/package.xml -> /home/bilbo/ros2_ws/src/py_listener/install/py_listener/share/py_listener
