[0.803s] Invoking command in '/home/bilbo/ros2_ws/src/py_listener/build/py_listener': PYTHONPATH=/home/bilbo/ros2_ws/src/py_listener/build/py_listener/prefix_override:/usr/lib/python3/dist-packages/colcon_core/task/python/colcon_distutils_commands:/home/bilbo/ros2_ws/src/py_listener/install/py_listener/lib/python3.10/site-packages:${PYTHONPATH} /usr/bin/python3 -W ignore:setup.py install is deprecated -W ignore:easy_install command is deprecated setup.py develop --editable --build-directory /home/bilbo/ros2_ws/src/py_listener/build/py_listener/build --no-deps symlink_data
[0.988s] running develop
[1.095s] running egg_info
[1.096s] creating py_listener.egg-info
[1.096s] writing py_listener.egg-info/PKG-INFO
[1.096s] writing dependency_links to py_listener.egg-info/dependency_links.txt
[1.096s] writing entry points to py_listener.egg-info/entry_points.txt
[1.096s] writing requirements to py_listener.egg-info/requires.txt
[1.097s] writing top-level names to py_listener.egg-info/top_level.txt
[1.097s] writing manifest file 'py_listener.egg-info/SOURCES.txt'
[1.098s] reading manifest file 'py_listener.egg-info/SOURCES.txt'
[1.098s] writing manifest file 'py_listener.egg-info/SOURCES.txt'
[1.100s] running build_ext
[1.100s] Creating /home/bilbo/ros2_ws/src/py_listener/install/py_listener/lib/python3.10/site-packages/py-listener.egg-link (link to .)
[1.101s] 
[1.101s] Installed /home/bilbo/ros2_ws/src/py_listener/build/py_listener
[1.101s] running symlink_data
[1.101s] creating /home/bilbo/ros2_ws/src/py_listener/install/py_listener/share/ament_index
[1.102s] creating /home/bilbo/ros2_ws/src/py_listener/install/py_listener/share/ament_index/resource_index
[1.102s] creating /home/bilbo/ros2_ws/src/py_listener/install/py_listener/share/ament_index/resource_index/packages
[1.102s] symbolically linking /home/bilbo/ros2_ws/src/py_listener/build/py_listener/resource/py_listener -> /home/bilbo/ros2_ws/src/py_listener/install/py_listener/share/ament_index/resource_index/packages
[1.102s] symbolically linking /home/bilbo/ros2_ws/src/py_listener/build/py_listener/package.xml -> /home/bilbo/ros2_ws/src/py_listener/install/py_listener/share/py_listener
[1.134s] Invoked command in '/home/bilbo/ros2_ws/src/py_listener/build/py_listener' returned '0': PYTHONPATH=/home/bilbo/ros2_ws/src/py_listener/build/py_listener/prefix_override:/usr/lib/python3/dist-packages/colcon_core/task/python/colcon_distutils_commands:/home/bilbo/ros2_ws/src/py_listener/install/py_listener/lib/python3.10/site-packages:${PYTHONPATH} /usr/bin/python3 -W ignore:setup.py install is deprecated -W ignore:easy_install command is deprecated setup.py develop --editable --build-directory /home/bilbo/ros2_ws/src/py_listener/build/py_listener/build --no-deps symlink_data
