[0.310s] DEBUG:colcon:Command line arguments: ['/usr/bin/colcon', 'build', '--symlink-install']
[0.310s] DEBUG:colcon:Parsed command line arguments: Namespace(log_base=None, log_level=None, verb_name='build', build_base='build', install_base='install', merge_install=False, symlink_install=True, test_result_base=None, continue_on_error=False, executor='parallel', parallel_workers=16, event_handlers=None, ignore_user_meta=False, metas=['./colcon.meta'], base_paths=['.'], packages_ignore=None, packages_ignore_regex=None, paths=None, packages_up_to=None, packages_up_to_regex=None, packages_above=None, packages_above_and_dependencies=None, packages_above_depth=None, packages_select_by_dep=None, packages_skip_by_dep=None, packages_skip_up_to=None, packages_select_build_failed=False, packages_skip_build_finished=False, packages_select_test_failures=False, packages_skip_test_passed=False, packages_select=None, packages_skip=None, packages_select_regex=None, packages_skip_regex=None, packages_start=None, packages_end=None, allow_overriding=[], cmake_args=None, cmake_target=None, cmake_target_skip_unavailable=False, cmake_clean_cache=False, cmake_clean_first=False, cmake_force_configure=False, ament_cmake_args=None, catkin_cmake_args=None, catkin_skip_building_tests=False, verb_parser=<colcon_defaults.argument_parser.defaults.DefaultArgumentsDecorator object at 0x7f03040131c0>, verb_extension=<colcon_core.verb.build.BuildVerb object at 0x7f0304012c20>, main=<bound method BuildVerb.main of <colcon_core.verb.build.BuildVerb object at 0x7f0304012c20>>)
[0.609s] Level 1:colcon.colcon_core.package_discovery:discover_packages(colcon_meta) check parameters
[0.610s] Level 1:colcon.colcon_core.package_discovery:discover_packages(recursive) check parameters
[0.610s] Level 1:colcon.colcon_core.package_discovery:discover_packages(ignore) check parameters
[0.610s] Level 1:colcon.colcon_core.package_discovery:discover_packages(path) check parameters
[0.610s] Level 1:colcon.colcon_core.package_discovery:discover_packages(colcon_meta) discover
[0.610s] Level 1:colcon.colcon_core.package_discovery:discover_packages(recursive) discover
[0.610s] INFO:colcon.colcon_core.package_discovery:Crawling recursively for packages in '/home/bilbo/ros2_ws/src/py_listener'
[0.610s] Level 1:colcon.colcon_core.package_identification:_identify(.) by extensions ['ignore', 'ignore_ament_install']
[0.610s] Level 1:colcon.colcon_core.package_identification:_identify(.) by extension 'ignore'
[0.610s] Level 1:colcon.colcon_core.package_identification:_identify(.) by extension 'ignore_ament_install'
[0.610s] Level 1:colcon.colcon_core.package_identification:_identify(.) by extensions ['colcon_pkg']
[0.610s] Level 1:colcon.colcon_core.package_identification:_identify(.) by extension 'colcon_pkg'
[0.610s] Level 1:colcon.colcon_core.package_identification:_identify(.) by extensions ['colcon_meta']
[0.610s] Level 1:colcon.colcon_core.package_identification:_identify(.) by extension 'colcon_meta'
[0.610s] Level 1:colcon.colcon_core.package_identification:_identify(.) by extensions ['ros']
[0.610s] Level 1:colcon.colcon_core.package_identification:_identify(.) by extension 'ros'
[0.627s] DEBUG:colcon.colcon_core.package_identification:Package '.' with type 'ros.ament_python' and name 'py_listener'
[0.627s] Level 1:colcon.colcon_core.package_discovery:discover_packages(recursive) using defaults
[0.627s] Level 1:colcon.colcon_core.package_discovery:discover_packages(ignore) discover
[0.627s] Level 1:colcon.colcon_core.package_discovery:discover_packages(ignore) using defaults
[0.627s] Level 1:colcon.colcon_core.package_discovery:discover_packages(path) discover
[0.627s] Level 1:colcon.colcon_core.package_discovery:discover_packages(path) using defaults
[0.655s] Level 1:colcon.colcon_core.package_discovery:discover_packages(prefix_path) check parameters
[0.655s] Level 1:colcon.colcon_core.package_discovery:discover_packages(prefix_path) discover
[0.660s] DEBUG:colcon.colcon_installed_package_information.package_discovery:Found 274 installed packages in /opt/ros/humble
[0.662s] Level 1:colcon.colcon_core.package_discovery:discover_packages(prefix_path) using defaults
[0.737s] Level 5:colcon.colcon_core.verb:set package 'py_listener' build argument 'cmake_args' from command line to 'None'
[0.737s] Level 5:colcon.colcon_core.verb:set package 'py_listener' build argument 'cmake_target' from command line to 'None'
[0.737s] Level 5:colcon.colcon_core.verb:set package 'py_listener' build argument 'cmake_target_skip_unavailable' from command line to 'False'
[0.737s] Level 5:colcon.colcon_core.verb:set package 'py_listener' build argument 'cmake_clean_cache' from command line to 'False'
[0.737s] Level 5:colcon.colcon_core.verb:set package 'py_listener' build argument 'cmake_clean_first' from command line to 'False'
[0.738s] Level 5:colcon.colcon_core.verb:set package 'py_listener' build argument 'cmake_force_configure' from command line to 'False'
[0.738s] Level 5:colcon.colcon_core.verb:set package 'py_listener' build argument 'ament_cmake_args' from command line to 'None'
[0.738s] Level 5:colcon.colcon_core.verb:set package 'py_listener' build argument 'catkin_cmake_args' from command line to 'None'
[0.738s] Level 5:colcon.colcon_core.verb:set package 'py_listener' build argument 'catkin_skip_building_tests' from command line to 'False'
[0.738s] DEBUG:colcon.colcon_core.verb:Building package 'py_listener' with the following arguments: {'ament_cmake_args': None, 'build_base': '/home/bilbo/ros2_ws/src/py_listener/build/py_listener', 'catkin_cmake_args': None, 'catkin_skip_building_tests': False, 'cmake_args': None, 'cmake_clean_cache': False, 'cmake_clean_first': False, 'cmake_force_configure': False, 'cmake_target': None, 'cmake_target_skip_unavailable': False, 'install_base': '/home/bilbo/ros2_ws/src/py_listener/install/py_listener', 'merge_install': False, 'path': '/home/bilbo/ros2_ws/src/py_listener', 'symlink_install': True, 'test_result_base': None}
[0.738s] INFO:colcon.colcon_core.executor:Executing jobs using 'parallel' executor
[0.739s] DEBUG:colcon.colcon_parallel_executor.executor.parallel:run_until_complete
[0.739s] INFO:colcon.colcon_ros.task.ament_python.build:Building ROS package in '/home/bilbo/ros2_ws/src/py_listener' with build type 'ament_python'
[0.739s] Level 1:colcon.colcon_core.shell:create_environment_hook('py_listener', 'ament_prefix_path')
[0.745s] INFO:colcon.colcon_core.plugin_system:Skipping extension 'colcon_core.shell.bat': Not used on non-Windows systems
[0.745s] INFO:colcon.colcon_core.shell:Creating environment hook '/home/bilbo/ros2_ws/src/py_listener/install/py_listener/share/py_listener/hook/ament_prefix_path.ps1'
[0.747s] INFO:colcon.colcon_core.shell:Creating environment descriptor '/home/bilbo/ros2_ws/src/py_listener/install/py_listener/share/py_listener/hook/ament_prefix_path.dsv'
[0.748s] INFO:colcon.colcon_core.shell:Creating environment hook '/home/bilbo/ros2_ws/src/py_listener/install/py_listener/share/py_listener/hook/ament_prefix_path.sh'
[0.749s] INFO:colcon.colcon_core.shell:Skip shell extension 'powershell' for command environment: Not usable outside of PowerShell
[0.749s] DEBUG:colcon.colcon_core.shell:Skip shell extension 'dsv' for command environment
[0.980s] INFO:colcon.colcon_core.task.python.build:Building Python package in '/home/bilbo/ros2_ws/src/py_listener'
[0.981s] INFO:colcon.colcon_core.shell:Skip shell extension 'powershell' for command environment: Not usable outside of PowerShell
[0.981s] DEBUG:colcon.colcon_core.shell:Skip shell extension 'dsv' for command environment
[1.543s] DEBUG:colcon.colcon_core.event_handler.log_command:Invoking command in '/home/bilbo/ros2_ws/src/py_listener/build/py_listener': PYTHONPATH=/home/bilbo/ros2_ws/src/py_listener/build/py_listener/prefix_override:/usr/lib/python3/dist-packages/colcon_core/task/python/colcon_distutils_commands:/home/bilbo/ros2_ws/src/py_listener/install/py_listener/lib/python3.10/site-packages:${PYTHONPATH} /usr/bin/python3 -W ignore:setup.py install is deprecated -W ignore:easy_install command is deprecated setup.py develop --editable --build-directory /home/bilbo/ros2_ws/src/py_listener/build/py_listener/build --no-deps symlink_data
[1.872s] Level 1:colcon.colcon_core.shell:create_environment_hook('py_listener', 'pythonpath_develop')
[1.873s] INFO:colcon.colcon_core.shell:Creating environment hook '/home/bilbo/ros2_ws/src/py_listener/build/py_listener/share/py_listener/hook/pythonpath_develop.ps1'
[1.873s] DEBUG:colcon.colcon_core.event_handler.log_command:Invoked command in '/home/bilbo/ros2_ws/src/py_listener/build/py_listener' returned '0': PYTHONPATH=/home/bilbo/ros2_ws/src/py_listener/build/py_listener/prefix_override:/usr/lib/python3/dist-packages/colcon_core/task/python/colcon_distutils_commands:/home/bilbo/ros2_ws/src/py_listener/install/py_listener/lib/python3.10/site-packages:${PYTHONPATH} /usr/bin/python3 -W ignore:setup.py install is deprecated -W ignore:easy_install command is deprecated setup.py develop --editable --build-directory /home/bilbo/ros2_ws/src/py_listener/build/py_listener/build --no-deps symlink_data
[1.875s] INFO:colcon.colcon_core.shell:Creating environment descriptor '/home/bilbo/ros2_ws/src/py_listener/build/py_listener/share/py_listener/hook/pythonpath_develop.dsv'
[1.875s] INFO:colcon.colcon_core.shell:Creating environment hook '/home/bilbo/ros2_ws/src/py_listener/build/py_listener/share/py_listener/hook/pythonpath_develop.sh'
[1.882s] Level 1:colcon.colcon_core.environment:checking '/home/bilbo/ros2_ws/src/py_listener/install/py_listener' for CMake module files
[1.883s] Level 1:colcon.colcon_core.environment:checking '/home/bilbo/ros2_ws/src/py_listener/install/py_listener' for CMake config files
[1.883s] Level 1:colcon.colcon_core.environment:checking '/home/bilbo/ros2_ws/src/py_listener/install/py_listener/lib'
[1.883s] Level 1:colcon.colcon_core.environment:checking '/home/bilbo/ros2_ws/src/py_listener/install/py_listener/bin'
[1.883s] Level 1:colcon.colcon_core.environment:checking '/home/bilbo/ros2_ws/src/py_listener/install/py_listener/lib/pkgconfig/py_listener.pc'
[1.884s] Level 1:colcon.colcon_core.environment:checking '/home/bilbo/ros2_ws/src/py_listener/install/py_listener/lib/python3.10/site-packages'
[1.884s] Level 1:colcon.colcon_core.shell:create_environment_hook('py_listener', 'pythonpath')
[1.884s] INFO:colcon.colcon_core.shell:Creating environment hook '/home/bilbo/ros2_ws/src/py_listener/install/py_listener/share/py_listener/hook/pythonpath.ps1'
[1.884s] INFO:colcon.colcon_core.shell:Creating environment descriptor '/home/bilbo/ros2_ws/src/py_listener/install/py_listener/share/py_listener/hook/pythonpath.dsv'
[1.885s] INFO:colcon.colcon_core.shell:Creating environment hook '/home/bilbo/ros2_ws/src/py_listener/install/py_listener/share/py_listener/hook/pythonpath.sh'
[1.885s] Level 1:colcon.colcon_core.environment:checking '/home/bilbo/ros2_ws/src/py_listener/install/py_listener/bin'
[1.885s] Level 1:colcon.colcon_core.environment:create_environment_scripts_only(py_listener)
[1.885s] INFO:colcon.colcon_core.shell:Creating package script '/home/bilbo/ros2_ws/src/py_listener/install/py_listener/share/py_listener/package.ps1'
[1.887s] INFO:colcon.colcon_core.shell:Creating package descriptor '/home/bilbo/ros2_ws/src/py_listener/install/py_listener/share/py_listener/package.dsv'
[1.888s] INFO:colcon.colcon_core.shell:Creating package script '/home/bilbo/ros2_ws/src/py_listener/install/py_listener/share/py_listener/package.sh'
[1.889s] INFO:colcon.colcon_core.shell:Creating package script '/home/bilbo/ros2_ws/src/py_listener/install/py_listener/share/py_listener/package.bash'
[1.890s] INFO:colcon.colcon_core.shell:Creating package script '/home/bilbo/ros2_ws/src/py_listener/install/py_listener/share/py_listener/package.zsh'
[1.891s] Level 1:colcon.colcon_core.environment:create_file_with_runtime_dependencies(/home/bilbo/ros2_ws/src/py_listener/install/py_listener/share/colcon-core/packages/py_listener)
[1.892s] DEBUG:colcon.colcon_parallel_executor.executor.parallel:closing loop
[1.892s] DEBUG:colcon.colcon_parallel_executor.executor.parallel:loop closed
[1.893s] DEBUG:colcon.colcon_parallel_executor.executor.parallel:run_until_complete finished with '0'
[1.893s] DEBUG:colcon.colcon_core.event_reactor:joining thread
[1.954s] INFO:colcon.colcon_core.plugin_system:Skipping extension 'colcon_notification.desktop_notification.notify_send': Could not find 'notify-send'
[1.954s] INFO:colcon.colcon_core.plugin_system:Skipping extension 'colcon_notification.desktop_notification.terminal_notifier': Not used on non-Darwin systems
[1.954s] INFO:colcon.colcon_core.plugin_system:Skipping extension 'colcon_notification.desktop_notification.win32': Not used on non-Windows systems
[1.954s] INFO:colcon.colcon_notification.desktop_notification:Sending desktop notification using 'notify2'
[1.954s] DEBUG:colcon.colcon_notification.desktop_notification.notify2:Failed to initialize notify2: org.freedesktop.DBus.Error.FileNotFound: Failed to connect to socket /run/user/1000/bus: No such file or directory
[1.955s] DEBUG:colcon.colcon_core.event_reactor:joined thread
[1.955s] INFO:colcon.colcon_core.shell:Creating prefix script '/home/bilbo/ros2_ws/src/py_listener/install/local_setup.ps1'
[1.957s] INFO:colcon.colcon_core.shell:Creating prefix util module '/home/bilbo/ros2_ws/src/py_listener/install/_local_setup_util_ps1.py'
[1.958s] INFO:colcon.colcon_core.shell:Creating prefix chain script '/home/bilbo/ros2_ws/src/py_listener/install/setup.ps1'
[1.959s] INFO:colcon.colcon_core.shell:Creating prefix script '/home/bilbo/ros2_ws/src/py_listener/install/local_setup.sh'
[1.960s] INFO:colcon.colcon_core.shell:Creating prefix util module '/home/bilbo/ros2_ws/src/py_listener/install/_local_setup_util_sh.py'
[1.960s] INFO:colcon.colcon_core.shell:Creating prefix chain script '/home/bilbo/ros2_ws/src/py_listener/install/setup.sh'
[1.961s] INFO:colcon.colcon_core.shell:Creating prefix script '/home/bilbo/ros2_ws/src/py_listener/install/local_setup.bash'
[1.962s] INFO:colcon.colcon_core.shell:Creating prefix chain script '/home/bilbo/ros2_ws/src/py_listener/install/setup.bash'
[1.963s] INFO:colcon.colcon_core.shell:Creating prefix script '/home/bilbo/ros2_ws/src/py_listener/install/local_setup.zsh'
[1.963s] INFO:colcon.colcon_core.shell:Creating prefix chain script '/home/bilbo/ros2_ws/src/py_listener/install/setup.zsh'
