running develop
Removing /home/bilbo/ros2_ws/src/py_listener/install/py_listener/lib/python3.10/site-packages/py-listener.egg-link (link to .)
running egg_info
writing build/py_listener/py_listener.egg-info/PKG-INFO
writing dependency_links to build/py_listener/py_listener.egg-info/dependency_links.txt
writing entry points to build/py_listener/py_listener.egg-info/entry_points.txt
writing requirements to build/py_listener/py_listener.egg-info/requires.txt
writing top-level names to build/py_listener/py_listener.egg-info/top_level.txt
reading manifest file 'build/py_listener/py_listener.egg-info/SOURCES.txt'
writing manifest file 'build/py_listener/py_listener.egg-info/SOURCES.txt'
running build
running build_py
creating /home/bilbo/ros2_ws/src/py_listener/build/py_listener/build
creating /home/bilbo/ros2_ws/src/py_listener/build/py_listener/build/lib
creating /home/bilbo/ros2_ws/src/py_listener/build/py_listener/build/lib/py_listener
copying py_listener/__init__.py -> /home/bilbo/ros2_ws/src/py_listener/build/py_listener/build/lib/py_listener
running install
running install_lib
creating /home/bilbo/ros2_ws/src/py_listener/install/py_listener/lib/python3.10/site-packages/py_listener
copying /home/bilbo/ros2_ws/src/py_listener/build/py_listener/build/lib/py_listener/__init__.py -> /home/bilbo/ros2_ws/src/py_listener/install/py_listener/lib/python3.10/site-packages/py_listener
byte-compiling /home/bilbo/ros2_ws/src/py_listener/install/py_listener/lib/python3.10/site-packages/py_listener/__init__.py to __init__.cpython-310.pyc
running install_data
copying resource/py_listener -> /home/bilbo/ros2_ws/src/py_listener/install/py_listener/share/ament_index/resource_index/packages
copying package.xml -> /home/bilbo/ros2_ws/src/py_listener/install/py_listener/share/py_listener
running install_egg_info
Copying build/py_listener/py_listener.egg-info to /home/bilbo/ros2_ws/src/py_listener/install/py_listener/lib/python3.10/site-packages/py_listener-0.0.0-py3.10.egg-info
running install_scripts
writing list of installed files to '/home/bilbo/ros2_ws/src/py_listener/build/py_listener/install.log'
