[0.455s] Invoking command in '/home/bilbo/ros2_ws/src/py_listener/build/py_listener': PYTHONPATH=/home/bilbo/ros2_ws/src/py_listener/build/py_listener/prefix_override:/usr/lib/python3/dist-packages/colcon_core/task/python/colcon_distutils_commands:/home/bilbo/ros2_ws/src/py_listener/install/py_listener/lib/python3.10/site-packages:${PYTHONPATH} /usr/bin/python3 -W ignore:setup.py install is deprecated -W ignore:easy_install command is deprecated setup.py develop --uninstall --editable --build-directory /home/bilbo/ros2_ws/src/py_listener/build/py_listener/build
[0.634s] running develop
[0.734s] Removing /home/bilbo/ros2_ws/src/py_listener/install/py_listener/lib/python3.10/site-packages/py-listener.egg-link (link to .)
[0.758s] Invoked command in '/home/bilbo/ros2_ws/src/py_listener/build/py_listener' returned '0': PYTHONPATH=/home/bilbo/ros2_ws/src/py_listener/build/py_listener/prefix_override:/usr/lib/python3/dist-packages/colcon_core/task/python/colcon_distutils_commands:/home/bilbo/ros2_ws/src/py_listener/install/py_listener/lib/python3.10/site-packages:${PYTHONPATH} /usr/bin/python3 -W ignore:setup.py install is deprecated -W ignore:easy_install command is deprecated setup.py develop --uninstall --editable --build-directory /home/bilbo/ros2_ws/src/py_listener/build/py_listener/build
[0.761s] Invoking command in '/home/bilbo/ros2_ws/src/py_listener': PYTHONPATH=/home/bilbo/ros2_ws/src/py_listener/build/py_listener/prefix_override:/usr/lib/python3/dist-packages/colcon_core/task/python/colcon_distutils_commands:/home/bilbo/ros2_ws/src/py_listener/install/py_listener/lib/python3.10/site-packages:${PYTHONPATH} /usr/bin/python3 -W ignore:setup.py install is deprecated -W ignore:easy_install command is deprecated setup.py egg_info --egg-base build/py_listener build --build-base /home/bilbo/ros2_ws/src/py_listener/build/py_listener/build install --record /home/bilbo/ros2_ws/src/py_listener/build/py_listener/install.log --single-version-externally-managed install_data --force
[0.920s] running egg_info
[0.920s] writing build/py_listener/py_listener.egg-info/PKG-INFO
[0.921s] writing dependency_links to build/py_listener/py_listener.egg-info/dependency_links.txt
[0.921s] writing entry points to build/py_listener/py_listener.egg-info/entry_points.txt
[0.921s] writing requirements to build/py_listener/py_listener.egg-info/requires.txt
[0.921s] writing top-level names to build/py_listener/py_listener.egg-info/top_level.txt
[0.922s] reading manifest file 'build/py_listener/py_listener.egg-info/SOURCES.txt'
[0.923s] writing manifest file 'build/py_listener/py_listener.egg-info/SOURCES.txt'
[0.923s] running build
[0.923s] running build_py
[0.923s] creating /home/bilbo/ros2_ws/src/py_listener/build/py_listener/build
[0.923s] creating /home/bilbo/ros2_ws/src/py_listener/build/py_listener/build/lib
[0.924s] creating /home/bilbo/ros2_ws/src/py_listener/build/py_listener/build/lib/py_listener
[0.924s] copying py_listener/__init__.py -> /home/bilbo/ros2_ws/src/py_listener/build/py_listener/build/lib/py_listener
[0.924s] running install
[0.924s] running install_lib
[0.925s] creating /home/bilbo/ros2_ws/src/py_listener/install/py_listener/lib/python3.10/site-packages/py_listener
[0.925s] copying /home/bilbo/ros2_ws/src/py_listener/build/py_listener/build/lib/py_listener/__init__.py -> /home/bilbo/ros2_ws/src/py_listener/install/py_listener/lib/python3.10/site-packages/py_listener
[0.925s] byte-compiling /home/bilbo/ros2_ws/src/py_listener/install/py_listener/lib/python3.10/site-packages/py_listener/__init__.py to __init__.cpython-310.pyc
[0.926s] running install_data
[0.926s] copying resource/py_listener -> /home/bilbo/ros2_ws/src/py_listener/install/py_listener/share/ament_index/resource_index/packages
[0.926s] copying package.xml -> /home/bilbo/ros2_ws/src/py_listener/install/py_listener/share/py_listener
[0.926s] running install_egg_info
[0.927s] Copying build/py_listener/py_listener.egg-info to /home/bilbo/ros2_ws/src/py_listener/install/py_listener/lib/python3.10/site-packages/py_listener-0.0.0-py3.10.egg-info
[0.928s] running install_scripts
[0.944s] writing list of installed files to '/home/bilbo/ros2_ws/src/py_listener/build/py_listener/install.log'
[0.965s] Invoked command in '/home/bilbo/ros2_ws/src/py_listener' returned '0': PYTHONPATH=/home/bilbo/ros2_ws/src/py_listener/build/py_listener/prefix_override:/usr/lib/python3/dist-packages/colcon_core/task/python/colcon_distutils_commands:/home/bilbo/ros2_ws/src/py_listener/install/py_listener/lib/python3.10/site-packages:${PYTHONPATH} /usr/bin/python3 -W ignore:setup.py install is deprecated -W ignore:easy_install command is deprecated setup.py egg_info --egg-base build/py_listener build --build-base /home/bilbo/ros2_ws/src/py_listener/build/py_listener/build install --record /home/bilbo/ros2_ws/src/py_listener/build/py_listener/install.log --single-version-externally-managed install_data --force
