running develop
Removing /home/bilbo/ros2_ws/src/py_talker/install/py_talker/lib/python3.10/site-packages/py-talker.egg-link (link to .)
running egg_info
writing build/py_talker/py_talker.egg-info/PKG-INFO
writing dependency_links to build/py_talker/py_talker.egg-info/dependency_links.txt
writing entry points to build/py_talker/py_talker.egg-info/entry_points.txt
writing requirements to build/py_talker/py_talker.egg-info/requires.txt
writing top-level names to build/py_talker/py_talker.egg-info/top_level.txt
reading manifest file 'build/py_talker/py_talker.egg-info/SOURCES.txt'
writing manifest file 'build/py_talker/py_talker.egg-info/SOURCES.txt'
running build
running build_py
creating /home/bilbo/ros2_ws/src/py_talker/build/py_talker/build
creating /home/bilbo/ros2_ws/src/py_talker/build/py_talker/build/lib
creating /home/bilbo/ros2_ws/src/py_talker/build/py_talker/build/lib/py_talker
copying py_talker/__init__.py -> /home/bilbo/ros2_ws/src/py_talker/build/py_talker/build/lib/py_talker
running install
running install_lib
creating /home/bilbo/ros2_ws/src/py_talker/install/py_talker/lib/python3.10/site-packages/py_talker
copying /home/bilbo/ros2_ws/src/py_talker/build/py_talker/build/lib/py_talker/__init__.py -> /home/bilbo/ros2_ws/src/py_talker/install/py_talker/lib/python3.10/site-packages/py_talker
byte-compiling /home/bilbo/ros2_ws/src/py_talker/install/py_talker/lib/python3.10/site-packages/py_talker/__init__.py to __init__.cpython-310.pyc
running install_data
copying resource/py_talker -> /home/bilbo/ros2_ws/src/py_talker/install/py_talker/share/ament_index/resource_index/packages
copying package.xml -> /home/bilbo/ros2_ws/src/py_talker/install/py_talker/share/py_talker
running install_egg_info
Copying build/py_talker/py_talker.egg-info to /home/bilbo/ros2_ws/src/py_talker/install/py_talker/lib/python3.10/site-packages/py_talker-0.0.0-py3.10.egg-info
running install_scripts
writing list of installed files to '/home/bilbo/ros2_ws/src/py_talker/build/py_talker/install.log'
