[0.458s] Invoking command in '/home/bilbo/ros2_ws/src/py_talker/build/py_talker': PYTHONPATH=/home/bilbo/ros2_ws/src/py_talker/build/py_talker/prefix_override:/usr/lib/python3/dist-packages/colcon_core/task/python/colcon_distutils_commands:/home/bilbo/ros2_ws/src/py_talker/install/py_talker/lib/python3.10/site-packages:${PYTHONPATH} /usr/bin/python3 -W ignore:setup.py install is deprecated -W ignore:easy_install command is deprecated setup.py develop --uninstall --editable --build-directory /home/bilbo/ros2_ws/src/py_talker/build/py_talker/build
[0.640s] running develop
[0.745s] Removing /home/bilbo/ros2_ws/src/py_talker/install/py_talker/lib/python3.10/site-packages/py-talker.egg-link (link to .)
[0.770s] Invoked command in '/home/bilbo/ros2_ws/src/py_talker/build/py_talker' returned '0': PYTHONPATH=/home/bilbo/ros2_ws/src/py_talker/build/py_talker/prefix_override:/usr/lib/python3/dist-packages/colcon_core/task/python/colcon_distutils_commands:/home/bilbo/ros2_ws/src/py_talker/install/py_talker/lib/python3.10/site-packages:${PYTHONPATH} /usr/bin/python3 -W ignore:setup.py install is deprecated -W ignore:easy_install command is deprecated setup.py develop --uninstall --editable --build-directory /home/bilbo/ros2_ws/src/py_talker/build/py_talker/build
[0.772s] Invoking command in '/home/bilbo/ros2_ws/src/py_talker': PYTHONPATH=/home/bilbo/ros2_ws/src/py_talker/build/py_talker/prefix_override:/usr/lib/python3/dist-packages/colcon_core/task/python/colcon_distutils_commands:/home/bilbo/ros2_ws/src/py_talker/install/py_talker/lib/python3.10/site-packages:${PYTHONPATH} /usr/bin/python3 -W ignore:setup.py install is deprecated -W ignore:easy_install command is deprecated setup.py egg_info --egg-base build/py_talker build --build-base /home/bilbo/ros2_ws/src/py_talker/build/py_talker/build install --record /home/bilbo/ros2_ws/src/py_talker/build/py_talker/install.log --single-version-externally-managed install_data --force
[0.933s] running egg_info
[0.934s] writing build/py_talker/py_talker.egg-info/PKG-INFO
[0.935s] writing dependency_links to build/py_talker/py_talker.egg-info/dependency_links.txt
[0.935s] writing entry points to build/py_talker/py_talker.egg-info/entry_points.txt
[0.935s] writing requirements to build/py_talker/py_talker.egg-info/requires.txt
[0.935s] writing top-level names to build/py_talker/py_talker.egg-info/top_level.txt
[0.936s] reading manifest file 'build/py_talker/py_talker.egg-info/SOURCES.txt'
[0.937s] writing manifest file 'build/py_talker/py_talker.egg-info/SOURCES.txt'
[0.937s] running build
[0.937s] running build_py
[0.938s] creating /home/bilbo/ros2_ws/src/py_talker/build/py_talker/build
[0.938s] creating /home/bilbo/ros2_ws/src/py_talker/build/py_talker/build/lib
[0.938s] creating /home/bilbo/ros2_ws/src/py_talker/build/py_talker/build/lib/py_talker
[0.938s] copying py_talker/__init__.py -> /home/bilbo/ros2_ws/src/py_talker/build/py_talker/build/lib/py_talker
[0.938s] running install
[0.938s] running install_lib
[0.939s] creating /home/bilbo/ros2_ws/src/py_talker/install/py_talker/lib/python3.10/site-packages/py_talker
[0.939s] copying /home/bilbo/ros2_ws/src/py_talker/build/py_talker/build/lib/py_talker/__init__.py -> /home/bilbo/ros2_ws/src/py_talker/install/py_talker/lib/python3.10/site-packages/py_talker
[0.939s] byte-compiling /home/bilbo/ros2_ws/src/py_talker/install/py_talker/lib/python3.10/site-packages/py_talker/__init__.py to __init__.cpython-310.pyc
[0.940s] running install_data
[0.940s] copying resource/py_talker -> /home/bilbo/ros2_ws/src/py_talker/install/py_talker/share/ament_index/resource_index/packages
[0.940s] copying package.xml -> /home/bilbo/ros2_ws/src/py_talker/install/py_talker/share/py_talker
[0.940s] running install_egg_info
[0.941s] Copying build/py_talker/py_talker.egg-info to /home/bilbo/ros2_ws/src/py_talker/install/py_talker/lib/python3.10/site-packages/py_talker-0.0.0-py3.10.egg-info
[0.942s] running install_scripts
[0.957s] writing list of installed files to '/home/bilbo/ros2_ws/src/py_talker/build/py_talker/install.log'
[0.979s] Invoked command in '/home/bilbo/ros2_ws/src/py_talker' returned '0': PYTHONPATH=/home/bilbo/ros2_ws/src/py_talker/build/py_talker/prefix_override:/usr/lib/python3/dist-packages/colcon_core/task/python/colcon_distutils_commands:/home/bilbo/ros2_ws/src/py_talker/install/py_talker/lib/python3.10/site-packages:${PYTHONPATH} /usr/bin/python3 -W ignore:setup.py install is deprecated -W ignore:easy_install command is deprecated setup.py egg_info --egg-base build/py_talker build --build-base /home/bilbo/ros2_ws/src/py_talker/build/py_talker/build install --record /home/bilbo/ros2_ws/src/py_talker/build/py_talker/install.log --single-version-externally-managed install_data --force
